<?xml version="1.0" encoding="UTF-8"?>
<testsuite xmlns:xsi="http://www.w3.org/2001/XMLSchema-instance" xsi:noNamespaceSchemaLocation="https://maven.apache.org/surefire/maven-surefire-plugin/xsd/surefire-test-report-3.0.xsd" version="3.0" name="mapping.test.MappingDevModeTest" time="2.585" tests="1" errors="0" skipped="0" failures="0">
  <properties>
    <property name="sun.desktop" value="windows"/>
    <property name="awt.toolkit" value="sun.awt.windows.WToolkit"/>
    <property name="java.specification.version" value="11"/>
    <property name="sun.cpu.isalist" value="amd64"/>
    <property name="sun.jnu.encoding" value="Cp1252"/>
    <property name="java.class.path" value="D:\WORK\Quarkus_Learning\Projects\EXTENTSIONS\mapping\deployment\target\test-classes;D:\WORK\Quarkus_Learning\Projects\EXTENTSIONS\mapping\deployment\target\classes;C:\Users\Siddhatech\.m2\repository\io\quarkus\quarkus-arc-deployment\2.16.4.Final\quarkus-arc-deployment-2.16.4.Final.jar;C:\Users\Siddhatech\.m2\repository\io\quarkus\quarkus-core-deployment\2.16.4.Final\quarkus-core-deployment-2.16.4.Final.jar;C:\Users\Siddhatech\.m2\repository\org\aesh\readline\2.2\readline-2.2.jar;C:\Users\Siddhatech\.m2\repository\org\fusesource\jansi\jansi\1.18\jansi-1.18.jar;C:\Users\Siddhatech\.m2\repository\org\aesh\aesh\2.7\aesh-2.7.jar;C:\Users\Siddhatech\.m2\repository\org\apache\commons\commons-lang3\3.12.0\commons-lang3-3.12.0.jar;C:\Users\Siddhatech\.m2\repository\org\wildfly\common\wildfly-common\1.5.4.Final-format-001\wildfly-common-1.5.4.Final-format-001.jar;C:\Users\Siddhatech\.m2\repository\io\quarkus\gizmo\gizmo\1.6.0.Final\gizmo-1.6.0.Final.jar;C:\Users\Siddhatech\.m2\repository\org\ow2\asm\asm-util\9.4\asm-util-9.4.jar;C:\Users\Siddhatech\.m2\repository\org\ow2\asm\asm-analysis\9.4\asm-analysis-9.4.jar;C:\Users\Siddhatech\.m2\repository\io\smallrye\jandex\3.0.5\jandex-3.0.5.jar;C:\Users\Siddhatech\.m2\repository\org\ow2\asm\asm\9.4\asm-9.4.jar;C:\Users\Siddhatech\.m2\repository\org\ow2\asm\asm-commons\9.4\asm-commons-9.4.jar;C:\Users\Siddhatech\.m2\repository\org\ow2\asm\asm-tree\9.4\asm-tree-9.4.jar;C:\Users\Siddhatech\.m2\repository\io\quarkus\quarkus-development-mode-spi\2.16.4.Final\quarkus-development-mode-spi-2.16.4.Final.jar;C:\Users\Siddhatech\.m2\repository\io\quarkus\quarkus-class-change-agent\2.16.4.Final\quarkus-class-change-agent-2.16.4.Final.jar;C:\Users\Siddhatech\.m2\repository\io\quarkus\quarkus-bootstrap-core\2.16.4.Final\quarkus-bootstrap-core-2.16.4.Final.jar;C:\Users\Siddhatech\.m2\repository\io\quarkus\quarkus-bootstrap-app-model\2.16.4.Final\quarkus-bootstrap-app-model-2.16.4.Final.jar;C:\Users\Siddhatech\.m2\repository\io\smallrye\common\smallrye-common-io\1.13.2\smallrye-common-io-1.13.2.jar;C:\Users\Siddhatech\.m2\repository\org\eclipse\sisu\org.eclipse.sisu.inject\0.3.5\org.eclipse.sisu.inject-0.3.5.jar;C:\Users\Siddhatech\.m2\repository\io\quarkus\quarkus-builder\2.16.4.Final\quarkus-builder-2.16.4.Final.jar;C:\Users\Siddhatech\.m2\repository\org\graalvm\sdk\graal-sdk\22.3.0\graal-sdk-22.3.0.jar;C:\Users\Siddhatech\.m2\repository\org\junit\platform\junit-platform-launcher\1.9.2\junit-platform-launcher-1.9.2.jar;C:\Users\Siddhatech\.m2\repository\org\junit\jupiter\junit-jupiter\5.9.2\junit-jupiter-5.9.2.jar;C:\Users\Siddhatech\.m2\repository\io\quarkus\quarkus-smallrye-context-propagation-spi\2.16.4.Final\quarkus-smallrye-context-propagation-spi-2.16.4.Final.jar;C:\Users\Siddhatech\.m2\repository\org\eclipse\microprofile\context-propagation\microprofile-context-propagation-api\1.2\microprofile-context-propagation-api-1.2.jar;C:\Users\Siddhatech\.m2\repository\io\quarkus\quarkus-vertx-http-dev-console-spi\2.16.4.Final\quarkus-vertx-http-dev-console-spi-2.16.4.Final.jar;C:\Users\Siddhatech\.m2\repository\io\quarkus\quarkus-vertx-http-dev-console-runtime-spi\2.16.4.Final\quarkus-vertx-http-dev-console-runtime-spi-2.16.4.Final.jar;C:\Users\Siddhatech\.m2\repository\io\quarkus\arc\arc\2.16.4.Final\arc-2.16.4.Final.jar;C:\Users\Siddhatech\.m2\repository\jakarta\transaction\jakarta.transaction-api\1.3.3\jakarta.transaction-api-1.3.3.jar;C:\Users\Siddhatech\.m2\repository\io\smallrye\reactive\mutiny\1.9.0\mutiny-1.9.0.jar;C:\Users\Siddhatech\.m2\repository\org\reactivestreams\reactive-streams\1.0.3\reactive-streams-1.0.3.jar;C:\Users\Siddhatech\.m2\repository\io\smallrye\common\smallrye-common-annotation\1.13.2\smallrye-common-annotation-1.13.2.jar;C:\Users\Siddhatech\.m2\repository\io\vertx\vertx-web\4.3.7\vertx-web-4.3.7.jar;C:\Users\Siddhatech\.m2\repository\io\vertx\vertx-web-common\4.3.7\vertx-web-common-4.3.7.jar;C:\Users\Siddhatech\.m2\repository\io\vertx\vertx-auth-common\4.3.7\vertx-auth-common-4.3.7.jar;C:\Users\Siddhatech\.m2\repository\io\vertx\vertx-bridge-common\4.3.7\vertx-bridge-common-4.3.7.jar;C:\Users\Siddhatech\.m2\repository\io\vertx\vertx-core\4.3.7\vertx-core-4.3.7.jar;C:\Users\Siddhatech\.m2\repository\io\netty\netty-common\4.1.86.Final\netty-common-4.1.86.Final.jar;C:\Users\Siddhatech\.m2\repository\io\netty\netty-buffer\4.1.86.Final\netty-buffer-4.1.86.Final.jar;C:\Users\Siddhatech\.m2\repository\io\netty\netty-transport\4.1.86.Final\netty-transport-4.1.86.Final.jar;C:\Users\Siddhatech\.m2\repository\io\netty\netty-handler\4.1.86.Final\netty-handler-4.1.86.Final.jar;C:\Users\Siddhatech\.m2\repository\io\netty\netty-transport-native-unix-common\4.1.86.Final\netty-transport-native-unix-common-4.1.86.Final.jar;C:\Users\Siddhatech\.m2\repository\io\netty\netty-codec\4.1.86.Final\netty-codec-4.1.86.Final.jar;C:\Users\Siddhatech\.m2\repository\io\netty\netty-handler-proxy\4.1.86.Final\netty-handler-proxy-4.1.86.Final.jar;C:\Users\Siddhatech\.m2\repository\io\netty\netty-codec-socks\4.1.86.Final\netty-codec-socks-4.1.86.Final.jar;C:\Users\Siddhatech\.m2\repository\io\netty\netty-codec-http\4.1.86.Final\netty-codec-http-4.1.86.Final.jar;C:\Users\Siddhatech\.m2\repository\io\netty\netty-codec-http2\4.1.86.Final\netty-codec-http2-4.1.86.Final.jar;C:\Users\Siddhatech\.m2\repository\io\netty\netty-resolver\4.1.86.Final\netty-resolver-4.1.86.Final.jar;C:\Users\Siddhatech\.m2\repository\io\netty\netty-resolver-dns\4.1.86.Final\netty-resolver-dns-4.1.86.Final.jar;C:\Users\Siddhatech\.m2\repository\io\netty\netty-codec-dns\4.1.86.Final\netty-codec-dns-4.1.86.Final.jar;C:\Users\Siddhatech\.m2\repository\com\fasterxml\jackson\core\jackson-core\2.14.2\jackson-core-2.14.2.jar;C:\Users\Siddhatech\.m2\repository\io\quarkus\quarkus-arc\2.16.4.Final\quarkus-arc-2.16.4.Final.jar;C:\Users\Siddhatech\.m2\repository\io\quarkus\arc\arc-processor\2.16.4.Final\arc-processor-2.16.4.Final.jar;C:\Users\Siddhatech\.m2\repository\org\jboss\logging\jboss-logging\3.5.0.Final\jboss-logging-3.5.0.Final.jar;C:\Users\Siddhatech\.m2\repository\jakarta\annotation\jakarta.annotation-api\1.3.5\jakarta.annotation-api-1.3.5.jar;C:\Users\Siddhatech\.m2\repository\io\quarkus\quarkus-smallrye-jwt-build-deployment\2.16.4.Final\quarkus-smallrye-jwt-build-deployment-2.16.4.Final.jar;C:\Users\Siddhatech\.m2\repository\io\quarkus\quarkus-jsonp-deployment\2.16.4.Final\quarkus-jsonp-deployment-2.16.4.Final.jar;C:\Users\Siddhatech\.m2\repository\io\quarkus\quarkus-jsonp\2.16.4.Final\quarkus-jsonp-2.16.4.Final.jar;C:\Users\Siddhatech\.m2\repository\org\glassfish\jakarta.json\1.1.6\jakarta.json-1.1.6.jar;C:\Users\Siddhatech\.m2\repository\io\quarkus\quarkus-smallrye-jwt-build\2.16.4.Final\quarkus-smallrye-jwt-build-2.16.4.Final.jar;C:\Users\Siddhatech\.m2\repository\io\smallrye\smallrye-jwt-build\3.6.0\smallrye-jwt-build-3.6.0.jar;C:\Users\Siddhatech\.m2\repository\org\eclipse\microprofile\config\microprofile-config-api\2.0.1\microprofile-config-api-2.0.1.jar;C:\Users\Siddhatech\.m2\repository\org\eclipse\microprofile\jwt\microprofile-jwt-auth-api\1.2\microprofile-jwt-auth-api-1.2.jar;C:\Users\Siddhatech\.m2\repository\org\bitbucket\b_c\jose4j\0.9.2\jose4j-0.9.2.jar;C:\Users\Siddhatech\.m2\repository\io\smallrye\smallrye-jwt-common\3.6.0\smallrye-jwt-common-3.6.0.jar;D:\WORK\Quarkus_Learning\Projects\EXTENTSIONS\mapping\runtime\target\mapping-1.0.0-SNAPSHOT.jar;C:\Users\Siddhatech\.m2\repository\io\quarkus\quarkus-junit5-internal\2.16.4.Final\quarkus-junit5-internal-2.16.4.Final.jar;C:\Users\Siddhatech\.m2\repository\org\jboss\shrinkwrap\shrinkwrap-api\1.2.6\shrinkwrap-api-1.2.6.jar;C:\Users\Siddhatech\.m2\repository\org\jboss\shrinkwrap\shrinkwrap-spi\1.2.6\shrinkwrap-spi-1.2.6.jar;C:\Users\Siddhatech\.m2\repository\org\jboss\shrinkwrap\shrinkwrap-impl-base\1.2.6\shrinkwrap-impl-base-1.2.6.jar;C:\Users\Siddhatech\.m2\repository\org\junit\jupiter\junit-jupiter-api\5.9.2\junit-jupiter-api-5.9.2.jar;C:\Users\Siddhatech\.m2\repository\org\opentest4j\opentest4j\1.2.0\opentest4j-1.2.0.jar;C:\Users\Siddhatech\.m2\repository\org\junit\platform\junit-platform-commons\1.9.2\junit-platform-commons-1.9.2.jar;C:\Users\Siddhatech\.m2\repository\org\apiguardian\apiguardian-api\1.1.2\apiguardian-api-1.1.2.jar;C:\Users\Siddhatech\.m2\repository\org\junit\jupiter\junit-jupiter-params\5.9.2\junit-jupiter-params-5.9.2.jar;C:\Users\Siddhatech\.m2\repository\org\junit\jupiter\junit-jupiter-engine\5.9.2\junit-jupiter-engine-5.9.2.jar;C:\Users\Siddhatech\.m2\repository\org\junit\platform\junit-platform-engine\1.9.2\junit-platform-engine-1.9.2.jar;C:\Users\Siddhatech\.m2\repository\io\quarkus\quarkus-core\2.16.4.Final\quarkus-core-2.16.4.Final.jar;C:\Users\Siddhatech\.m2\repository\jakarta\inject\jakarta.inject-api\1.0\jakarta.inject-api-1.0.jar;C:\Users\Siddhatech\.m2\repository\io\quarkus\quarkus-ide-launcher\2.16.4.Final\quarkus-ide-launcher-2.16.4.Final.jar;C:\Users\Siddhatech\.m2\repository\io\smallrye\config\smallrye-config\2.13.3\smallrye-config-2.13.3.jar;C:\Users\Siddhatech\.m2\repository\io\smallrye\config\smallrye-config-core\2.13.3\smallrye-config-core-2.13.3.jar;C:\Users\Siddhatech\.m2\repository\io\smallrye\common\smallrye-common-expression\1.13.2\smallrye-common-expression-1.13.2.jar;C:\Users\Siddhatech\.m2\repository\io\smallrye\common\smallrye-common-function\1.13.2\smallrye-common-function-1.13.2.jar;C:\Users\Siddhatech\.m2\repository\io\smallrye\common\smallrye-common-constraint\1.13.2\smallrye-common-constraint-1.13.2.jar;C:\Users\Siddhatech\.m2\repository\io\smallrye\common\smallrye-common-classloader\1.13.2\smallrye-common-classloader-1.13.2.jar;C:\Users\Siddhatech\.m2\repository\io\smallrye\config\smallrye-config-common\2.13.3\smallrye-config-common-2.13.3.jar;C:\Users\Siddhatech\.m2\repository\org\jboss\logmanager\jboss-logmanager-embedded\1.0.11\jboss-logmanager-embedded-1.0.11.jar;C:\Users\Siddhatech\.m2\repository\org\jboss\logging\jboss-logging-annotations\2.2.1.Final\jboss-logging-annotations-2.2.1.Final.jar;C:\Users\Siddhatech\.m2\repository\org\jboss\threads\jboss-threads\3.4.3.Final\jboss-threads-3.4.3.Final.jar;C:\Users\Siddhatech\.m2\repository\org\slf4j\slf4j-api\1.7.36\slf4j-api-1.7.36.jar;C:\Users\Siddhatech\.m2\repository\org\jboss\slf4j\slf4j-jboss-logmanager\1.2.0.Final\slf4j-jboss-logmanager-1.2.0.Final.jar;C:\Users\Siddhatech\.m2\repository\io\quarkus\quarkus-bootstrap-runner\2.16.4.Final\quarkus-bootstrap-runner-2.16.4.Final.jar;C:\Users\Siddhatech\.m2\repository\io\github\crac\org-crac\0.1.3\org-crac-0.1.3.jar;C:\Users\Siddhatech\.m2\repository\io\quarkus\quarkus-fs-util\0.0.9\quarkus-fs-util-0.0.9.jar;C:\Users\Siddhatech\.m2\repository\io\quarkus\quarkus-test-common\2.16.4.Final\quarkus-test-common-2.16.4.Final.jar;C:\Users\Siddhatech\.m2\repository\io\quarkus\quarkus-bootstrap-maven-resolver\2.16.4.Final\quarkus-bootstrap-maven-resolver-2.16.4.Final.jar;C:\Users\Siddhatech\.m2\repository\org\apache\maven\maven-embedder\3.8.6\maven-embedder-3.8.6.jar;C:\Users\Siddhatech\.m2\repository\org\apache\maven\maven-settings\3.8.6\maven-settings-3.8.6.jar;C:\Users\Siddhatech\.m2\repository\org\apache\maven\maven-core\3.8.6\maven-core-3.8.6.jar;C:\Users\Siddhatech\.m2\repository\org\apache\maven\maven-artifact\3.8.6\maven-artifact-3.8.6.jar;C:\Users\Siddhatech\.m2\repository\org\codehaus\plexus\plexus-component-annotations\2.1.0\plexus-component-annotations-2.1.0.jar;C:\Users\Siddhatech\.m2\repository\org\apache\maven\maven-plugin-api\3.8.6\maven-plugin-api-3.8.6.jar;C:\Users\Siddhatech\.m2\repository\org\apache\maven\maven-model\3.8.6\maven-model-3.8.6.jar;C:\Users\Siddhatech\.m2\repository\org\apache\maven\maven-model-builder\3.8.6\maven-model-builder-3.8.6.jar;C:\Users\Siddhatech\.m2\repository\org\apache\maven\maven-builder-support\3.8.6\maven-builder-support-3.8.6.jar;C:\Users\Siddhatech\.m2\repository\org\apache\maven\resolver\maven-resolver-api\1.6.3\maven-resolver-api-1.6.3.jar;C:\Users\Siddhatech\.m2\repository\org\apache\maven\resolver\maven-resolver-util\1.6.3\maven-resolver-util-1.6.3.jar;C:\Users\Siddhatech\.m2\repository\org\apache\maven\shared\maven-shared-utils\3.3.4\maven-shared-utils-3.3.4.jar;C:\Users\Siddhatech\.m2\repository\commons-io\commons-io\2.11.0\commons-io-2.11.0.jar;C:\Users\Siddhatech\.m2\repository\com\google\inject\guice\4.2.2\guice-4.2.2-no_aop.jar;C:\Users\Siddhatech\.m2\repository\com\google\guava\guava\31.1-jre\guava-31.1-jre.jar;C:\Users\Siddhatech\.m2\repository\com\google\guava\failureaccess\1.0.1\failureaccess-1.0.1.jar;C:\Users\Siddhatech\.m2\repository\org\codehaus\plexus\plexus-classworlds\2.6.0\plexus-classworlds-2.6.0.jar;C:\Users\Siddhatech\.m2\repository\org\codehaus\plexus\plexus-sec-dispatcher\2.0\plexus-sec-dispatcher-2.0.jar;C:\Users\Siddhatech\.m2\repository\org\codehaus\plexus\plexus-cipher\2.0\plexus-cipher-2.0.jar;C:\Users\Siddhatech\.m2\repository\commons-cli\commons-cli\1.4\commons-cli-1.4.jar;C:\Users\Siddhatech\.m2\repository\org\eclipse\sisu\org.eclipse.sisu.plexus\0.3.5\org.eclipse.sisu.plexus-0.3.5.jar;C:\Users\Siddhatech\.m2\repository\org\apache\maven\maven-settings-builder\3.8.6\maven-settings-builder-3.8.6.jar;C:\Users\Siddhatech\.m2\repository\org\codehaus\plexus\plexus-interpolation\1.26\plexus-interpolation-1.26.jar;C:\Users\Siddhatech\.m2\repository\org\apache\maven\maven-resolver-provider\3.8.6\maven-resolver-provider-3.8.6.jar;C:\Users\Siddhatech\.m2\repository\org\apache\maven\maven-repository-metadata\3.8.6\maven-repository-metadata-3.8.6.jar;C:\Users\Siddhatech\.m2\repository\org\apache\maven\resolver\maven-resolver-spi\1.6.3\maven-resolver-spi-1.6.3.jar;C:\Users\Siddhatech\.m2\repository\org\apache\maven\resolver\maven-resolver-impl\1.6.3\maven-resolver-impl-1.6.3.jar;C:\Users\Siddhatech\.m2\repository\org\codehaus\plexus\plexus-utils\3.3.0\plexus-utils-3.3.0.jar;C:\Users\Siddhatech\.m2\repository\org\apache\maven\resolver\maven-resolver-connector-basic\1.6.3\maven-resolver-connector-basic-1.6.3.jar;C:\Users\Siddhatech\.m2\repository\org\apache\maven\resolver\maven-resolver-transport-wagon\1.6.3\maven-resolver-transport-wagon-1.6.3.jar;C:\Users\Siddhatech\.m2\repository\org\apache\maven\wagon\wagon-http\3.5.1\wagon-http-3.5.1.jar;C:\Users\Siddhatech\.m2\repository\org\apache\maven\wagon\wagon-http-shared\3.5.1\wagon-http-shared-3.5.1.jar;C:\Users\Siddhatech\.m2\repository\org\apache\httpcomponents\httpclient\4.5.14\httpclient-4.5.14.jar;C:\Users\Siddhatech\.m2\repository\commons-codec\commons-codec\1.15\commons-codec-1.15.jar;C:\Users\Siddhatech\.m2\repository\org\apache\httpcomponents\httpcore\4.4.16\httpcore-4.4.16.jar;C:\Users\Siddhatech\.m2\repository\org\apache\maven\wagon\wagon-provider-api\3.5.1\wagon-provider-api-3.5.1.jar;C:\Users\Siddhatech\.m2\repository\org\apache\maven\wagon\wagon-file\3.5.1\wagon-file-3.5.1.jar;C:\Users\Siddhatech\.m2\repository\io\quarkus\quarkus-bootstrap-gradle-resolver\2.16.4.Final\quarkus-bootstrap-gradle-resolver-2.16.4.Final.jar;C:\Users\Siddhatech\.m2\repository\org\jboss\logging\commons-logging-jboss-logging\1.0.0.Final\commons-logging-jboss-logging-1.0.0.Final.jar;C:\Users\Siddhatech\.m2\repository\jakarta\enterprise\jakarta.enterprise.cdi-api\2.0.2\jakarta.enterprise.cdi-api-2.0.2.jar;C:\Users\Siddhatech\.m2\repository\jakarta\el\jakarta.el-api\3.0.3\jakarta.el-api-3.0.3.jar;C:\Users\Siddhatech\.m2\repository\jakarta\interceptor\jakarta.interceptor-api\1.2.5\jakarta.interceptor-api-1.2.5.jar;C:\Users\Siddhatech\.m2\repository\io\quarkus\quarkus-devtools-utilities\2.16.4.Final\quarkus-devtools-utilities-2.16.4.Final.jar;C:\Users\Siddhatech\.m2\repository\org\awaitility\awaitility\4.2.0\awaitility-4.2.0.jar;C:\Users\Siddhatech\.m2\repository\org\hamcrest\hamcrest\2.1\hamcrest-2.1.jar;"/>
    <property name="java.vm.vendor" value="Oracle Corporation"/>
    <property name="sun.arch.data.model" value="64"/>
    <property name="user.variant" value=""/>
    <property name="quarkusRegistryClient" value="true"/>
    <property name="java.vendor.url" value="https://openjdk.java.net/"/>
    <property name="user.timezone" value="Asia/Calcutta"/>
    <property name="logging.initial-configurator.min-level" value="500"/>
    <property name="java.vm.specification.version" value="11"/>
    <property name="os.name" value="Windows 11"/>
    <property name="sun.java.launcher" value="SUN_STANDARD"/>
    <property name="user.country" value="IN"/>
    <property name="sun.boot.library.path" value="C:\Program Files\Java\jdk-11.0.16.1\bin"/>
    <property name="sun.java.command" value="C:\Users\Siddhatech\AppData\Local\Temp\surefire8200401431669863321\surefirebooter-20230308204801557_3.jar C:\Users\Siddhatech\AppData\Local\Temp\surefire8200401431669863321 2023-03-08T20-47-58_981-jvmRun1 surefire-20230308204801557_1tmp surefire_0-20230308204801557_2tmp"/>
    <property name="jdk.debug" value="release"/>
    <property name="maven.home" value="D:\ALIENWARE\SOFTWARES\apache-maven-3.8.4"/>
    <property name="surefire.test.class.path" value="D:\WORK\Quarkus_Learning\Projects\EXTENTSIONS\mapping\deployment\target\test-classes;D:\WORK\Quarkus_Learning\Projects\EXTENTSIONS\mapping\deployment\target\classes;C:\Users\Siddhatech\.m2\repository\io\quarkus\quarkus-arc-deployment\2.16.4.Final\quarkus-arc-deployment-2.16.4.Final.jar;C:\Users\Siddhatech\.m2\repository\io\quarkus\quarkus-core-deployment\2.16.4.Final\quarkus-core-deployment-2.16.4.Final.jar;C:\Users\Siddhatech\.m2\repository\org\aesh\readline\2.2\readline-2.2.jar;C:\Users\Siddhatech\.m2\repository\org\fusesource\jansi\jansi\1.18\jansi-1.18.jar;C:\Users\Siddhatech\.m2\repository\org\aesh\aesh\2.7\aesh-2.7.jar;C:\Users\Siddhatech\.m2\repository\org\apache\commons\commons-lang3\3.12.0\commons-lang3-3.12.0.jar;C:\Users\Siddhatech\.m2\repository\org\wildfly\common\wildfly-common\1.5.4.Final-format-001\wildfly-common-1.5.4.Final-format-001.jar;C:\Users\Siddhatech\.m2\repository\io\quarkus\gizmo\gizmo\1.6.0.Final\gizmo-1.6.0.Final.jar;C:\Users\Siddhatech\.m2\repository\org\ow2\asm\asm-util\9.4\asm-util-9.4.jar;C:\Users\Siddhatech\.m2\repository\org\ow2\asm\asm-analysis\9.4\asm-analysis-9.4.jar;C:\Users\Siddhatech\.m2\repository\io\smallrye\jandex\3.0.5\jandex-3.0.5.jar;C:\Users\Siddhatech\.m2\repository\org\ow2\asm\asm\9.4\asm-9.4.jar;C:\Users\Siddhatech\.m2\repository\org\ow2\asm\asm-commons\9.4\asm-commons-9.4.jar;C:\Users\Siddhatech\.m2\repository\org\ow2\asm\asm-tree\9.4\asm-tree-9.4.jar;C:\Users\Siddhatech\.m2\repository\io\quarkus\quarkus-development-mode-spi\2.16.4.Final\quarkus-development-mode-spi-2.16.4.Final.jar;C:\Users\Siddhatech\.m2\repository\io\quarkus\quarkus-class-change-agent\2.16.4.Final\quarkus-class-change-agent-2.16.4.Final.jar;C:\Users\Siddhatech\.m2\repository\io\quarkus\quarkus-bootstrap-core\2.16.4.Final\quarkus-bootstrap-core-2.16.4.Final.jar;C:\Users\Siddhatech\.m2\repository\io\quarkus\quarkus-bootstrap-app-model\2.16.4.Final\quarkus-bootstrap-app-model-2.16.4.Final.jar;C:\Users\Siddhatech\.m2\repository\io\smallrye\common\smallrye-common-io\1.13.2\smallrye-common-io-1.13.2.jar;C:\Users\Siddhatech\.m2\repository\org\eclipse\sisu\org.eclipse.sisu.inject\0.3.5\org.eclipse.sisu.inject-0.3.5.jar;C:\Users\Siddhatech\.m2\repository\io\quarkus\quarkus-builder\2.16.4.Final\quarkus-builder-2.16.4.Final.jar;C:\Users\Siddhatech\.m2\repository\org\graalvm\sdk\graal-sdk\22.3.0\graal-sdk-22.3.0.jar;C:\Users\Siddhatech\.m2\repository\org\junit\platform\junit-platform-launcher\1.9.2\junit-platform-launcher-1.9.2.jar;C:\Users\Siddhatech\.m2\repository\org\junit\jupiter\junit-jupiter\5.9.2\junit-jupiter-5.9.2.jar;C:\Users\Siddhatech\.m2\repository\io\quarkus\quarkus-smallrye-context-propagation-spi\2.16.4.Final\quarkus-smallrye-context-propagation-spi-2.16.4.Final.jar;C:\Users\Siddhatech\.m2\repository\org\eclipse\microprofile\context-propagation\microprofile-context-propagation-api\1.2\microprofile-context-propagation-api-1.2.jar;C:\Users\Siddhatech\.m2\repository\io\quarkus\quarkus-vertx-http-dev-console-spi\2.16.4.Final\quarkus-vertx-http-dev-console-spi-2.16.4.Final.jar;C:\Users\Siddhatech\.m2\repository\io\quarkus\quarkus-vertx-http-dev-console-runtime-spi\2.16.4.Final\quarkus-vertx-http-dev-console-runtime-spi-2.16.4.Final.jar;C:\Users\Siddhatech\.m2\repository\io\quarkus\arc\arc\2.16.4.Final\arc-2.16.4.Final.jar;C:\Users\Siddhatech\.m2\repository\jakarta\transaction\jakarta.transaction-api\1.3.3\jakarta.transaction-api-1.3.3.jar;C:\Users\Siddhatech\.m2\repository\io\smallrye\reactive\mutiny\1.9.0\mutiny-1.9.0.jar;C:\Users\Siddhatech\.m2\repository\org\reactivestreams\reactive-streams\1.0.3\reactive-streams-1.0.3.jar;C:\Users\Siddhatech\.m2\repository\io\smallrye\common\smallrye-common-annotation\1.13.2\smallrye-common-annotation-1.13.2.jar;C:\Users\Siddhatech\.m2\repository\io\vertx\vertx-web\4.3.7\vertx-web-4.3.7.jar;C:\Users\Siddhatech\.m2\repository\io\vertx\vertx-web-common\4.3.7\vertx-web-common-4.3.7.jar;C:\Users\Siddhatech\.m2\repository\io\vertx\vertx-auth-common\4.3.7\vertx-auth-common-4.3.7.jar;C:\Users\Siddhatech\.m2\repository\io\vertx\vertx-bridge-common\4.3.7\vertx-bridge-common-4.3.7.jar;C:\Users\Siddhatech\.m2\repository\io\vertx\vertx-core\4.3.7\vertx-core-4.3.7.jar;C:\Users\Siddhatech\.m2\repository\io\netty\netty-common\4.1.86.Final\netty-common-4.1.86.Final.jar;C:\Users\Siddhatech\.m2\repository\io\netty\netty-buffer\4.1.86.Final\netty-buffer-4.1.86.Final.jar;C:\Users\Siddhatech\.m2\repository\io\netty\netty-transport\4.1.86.Final\netty-transport-4.1.86.Final.jar;C:\Users\Siddhatech\.m2\repository\io\netty\netty-handler\4.1.86.Final\netty-handler-4.1.86.Final.jar;C:\Users\Siddhatech\.m2\repository\io\netty\netty-transport-native-unix-common\4.1.86.Final\netty-transport-native-unix-common-4.1.86.Final.jar;C:\Users\Siddhatech\.m2\repository\io\netty\netty-codec\4.1.86.Final\netty-codec-4.1.86.Final.jar;C:\Users\Siddhatech\.m2\repository\io\netty\netty-handler-proxy\4.1.86.Final\netty-handler-proxy-4.1.86.Final.jar;C:\Users\Siddhatech\.m2\repository\io\netty\netty-codec-socks\4.1.86.Final\netty-codec-socks-4.1.86.Final.jar;C:\Users\Siddhatech\.m2\repository\io\netty\netty-codec-http\4.1.86.Final\netty-codec-http-4.1.86.Final.jar;C:\Users\Siddhatech\.m2\repository\io\netty\netty-codec-http2\4.1.86.Final\netty-codec-http2-4.1.86.Final.jar;C:\Users\Siddhatech\.m2\repository\io\netty\netty-resolver\4.1.86.Final\netty-resolver-4.1.86.Final.jar;C:\Users\Siddhatech\.m2\repository\io\netty\netty-resolver-dns\4.1.86.Final\netty-resolver-dns-4.1.86.Final.jar;C:\Users\Siddhatech\.m2\repository\io\netty\netty-codec-dns\4.1.86.Final\netty-codec-dns-4.1.86.Final.jar;C:\Users\Siddhatech\.m2\repository\com\fasterxml\jackson\core\jackson-core\2.14.2\jackson-core-2.14.2.jar;C:\Users\Siddhatech\.m2\repository\io\quarkus\quarkus-arc\2.16.4.Final\quarkus-arc-2.16.4.Final.jar;C:\Users\Siddhatech\.m2\repository\io\quarkus\arc\arc-processor\2.16.4.Final\arc-processor-2.16.4.Final.jar;C:\Users\Siddhatech\.m2\repository\org\jboss\logging\jboss-logging\3.5.0.Final\jboss-logging-3.5.0.Final.jar;C:\Users\Siddhatech\.m2\repository\jakarta\annotation\jakarta.annotation-api\1.3.5\jakarta.annotation-api-1.3.5.jar;C:\Users\Siddhatech\.m2\repository\io\quarkus\quarkus-smallrye-jwt-build-deployment\2.16.4.Final\quarkus-smallrye-jwt-build-deployment-2.16.4.Final.jar;C:\Users\Siddhatech\.m2\repository\io\quarkus\quarkus-jsonp-deployment\2.16.4.Final\quarkus-jsonp-deployment-2.16.4.Final.jar;C:\Users\Siddhatech\.m2\repository\io\quarkus\quarkus-jsonp\2.16.4.Final\quarkus-jsonp-2.16.4.Final.jar;C:\Users\Siddhatech\.m2\repository\org\glassfish\jakarta.json\1.1.6\jakarta.json-1.1.6.jar;C:\Users\Siddhatech\.m2\repository\io\quarkus\quarkus-smallrye-jwt-build\2.16.4.Final\quarkus-smallrye-jwt-build-2.16.4.Final.jar;C:\Users\Siddhatech\.m2\repository\io\smallrye\smallrye-jwt-build\3.6.0\smallrye-jwt-build-3.6.0.jar;C:\Users\Siddhatech\.m2\repository\org\eclipse\microprofile\config\microprofile-config-api\2.0.1\microprofile-config-api-2.0.1.jar;C:\Users\Siddhatech\.m2\repository\org\eclipse\microprofile\jwt\microprofile-jwt-auth-api\1.2\microprofile-jwt-auth-api-1.2.jar;C:\Users\Siddhatech\.m2\repository\org\bitbucket\b_c\jose4j\0.9.2\jose4j-0.9.2.jar;C:\Users\Siddhatech\.m2\repository\io\smallrye\smallrye-jwt-common\3.6.0\smallrye-jwt-common-3.6.0.jar;D:\WORK\Quarkus_Learning\Projects\EXTENTSIONS\mapping\runtime\target\mapping-1.0.0-SNAPSHOT.jar;C:\Users\Siddhatech\.m2\repository\io\quarkus\quarkus-junit5-internal\2.16.4.Final\quarkus-junit5-internal-2.16.4.Final.jar;C:\Users\Siddhatech\.m2\repository\org\jboss\shrinkwrap\shrinkwrap-api\1.2.6\shrinkwrap-api-1.2.6.jar;C:\Users\Siddhatech\.m2\repository\org\jboss\shrinkwrap\shrinkwrap-spi\1.2.6\shrinkwrap-spi-1.2.6.jar;C:\Users\Siddhatech\.m2\repository\org\jboss\shrinkwrap\shrinkwrap-impl-base\1.2.6\shrinkwrap-impl-base-1.2.6.jar;C:\Users\Siddhatech\.m2\repository\org\junit\jupiter\junit-jupiter-api\5.9.2\junit-jupiter-api-5.9.2.jar;C:\Users\Siddhatech\.m2\repository\org\opentest4j\opentest4j\1.2.0\opentest4j-1.2.0.jar;C:\Users\Siddhatech\.m2\repository\org\junit\platform\junit-platform-commons\1.9.2\junit-platform-commons-1.9.2.jar;C:\Users\Siddhatech\.m2\repository\org\apiguardian\apiguardian-api\1.1.2\apiguardian-api-1.1.2.jar;C:\Users\Siddhatech\.m2\repository\org\junit\jupiter\junit-jupiter-params\5.9.2\junit-jupiter-params-5.9.2.jar;C:\Users\Siddhatech\.m2\repository\org\junit\jupiter\junit-jupiter-engine\5.9.2\junit-jupiter-engine-5.9.2.jar;C:\Users\Siddhatech\.m2\repository\org\junit\platform\junit-platform-engine\1.9.2\junit-platform-engine-1.9.2.jar;C:\Users\Siddhatech\.m2\repository\io\quarkus\quarkus-core\2.16.4.Final\quarkus-core-2.16.4.Final.jar;C:\Users\Siddhatech\.m2\repository\jakarta\inject\jakarta.inject-api\1.0\jakarta.inject-api-1.0.jar;C:\Users\Siddhatech\.m2\repository\io\quarkus\quarkus-ide-launcher\2.16.4.Final\quarkus-ide-launcher-2.16.4.Final.jar;C:\Users\Siddhatech\.m2\repository\io\smallrye\config\smallrye-config\2.13.3\smallrye-config-2.13.3.jar;C:\Users\Siddhatech\.m2\repository\io\smallrye\config\smallrye-config-core\2.13.3\smallrye-config-core-2.13.3.jar;C:\Users\Siddhatech\.m2\repository\io\smallrye\common\smallrye-common-expression\1.13.2\smallrye-common-expression-1.13.2.jar;C:\Users\Siddhatech\.m2\repository\io\smallrye\common\smallrye-common-function\1.13.2\smallrye-common-function-1.13.2.jar;C:\Users\Siddhatech\.m2\repository\io\smallrye\common\smallrye-common-constraint\1.13.2\smallrye-common-constraint-1.13.2.jar;C:\Users\Siddhatech\.m2\repository\io\smallrye\common\smallrye-common-classloader\1.13.2\smallrye-common-classloader-1.13.2.jar;C:\Users\Siddhatech\.m2\repository\io\smallrye\config\smallrye-config-common\2.13.3\smallrye-config-common-2.13.3.jar;C:\Users\Siddhatech\.m2\repository\org\jboss\logmanager\jboss-logmanager-embedded\1.0.11\jboss-logmanager-embedded-1.0.11.jar;C:\Users\Siddhatech\.m2\repository\org\jboss\logging\jboss-logging-annotations\2.2.1.Final\jboss-logging-annotations-2.2.1.Final.jar;C:\Users\Siddhatech\.m2\repository\org\jboss\threads\jboss-threads\3.4.3.Final\jboss-threads-3.4.3.Final.jar;C:\Users\Siddhatech\.m2\repository\org\slf4j\slf4j-api\1.7.36\slf4j-api-1.7.36.jar;C:\Users\Siddhatech\.m2\repository\org\jboss\slf4j\slf4j-jboss-logmanager\1.2.0.Final\slf4j-jboss-logmanager-1.2.0.Final.jar;C:\Users\Siddhatech\.m2\repository\io\quarkus\quarkus-bootstrap-runner\2.16.4.Final\quarkus-bootstrap-runner-2.16.4.Final.jar;C:\Users\Siddhatech\.m2\repository\io\github\crac\org-crac\0.1.3\org-crac-0.1.3.jar;C:\Users\Siddhatech\.m2\repository\io\quarkus\quarkus-fs-util\0.0.9\quarkus-fs-util-0.0.9.jar;C:\Users\Siddhatech\.m2\repository\io\quarkus\quarkus-test-common\2.16.4.Final\quarkus-test-common-2.16.4.Final.jar;C:\Users\Siddhatech\.m2\repository\io\quarkus\quarkus-bootstrap-maven-resolver\2.16.4.Final\quarkus-bootstrap-maven-resolver-2.16.4.Final.jar;C:\Users\Siddhatech\.m2\repository\org\apache\maven\maven-embedder\3.8.6\maven-embedder-3.8.6.jar;C:\Users\Siddhatech\.m2\repository\org\apache\maven\maven-settings\3.8.6\maven-settings-3.8.6.jar;C:\Users\Siddhatech\.m2\repository\org\apache\maven\maven-core\3.8.6\maven-core-3.8.6.jar;C:\Users\Siddhatech\.m2\repository\org\apache\maven\maven-artifact\3.8.6\maven-artifact-3.8.6.jar;C:\Users\Siddhatech\.m2\repository\org\codehaus\plexus\plexus-component-annotations\2.1.0\plexus-component-annotations-2.1.0.jar;C:\Users\Siddhatech\.m2\repository\org\apache\maven\maven-plugin-api\3.8.6\maven-plugin-api-3.8.6.jar;C:\Users\Siddhatech\.m2\repository\org\apache\maven\maven-model\3.8.6\maven-model-3.8.6.jar;C:\Users\Siddhatech\.m2\repository\org\apache\maven\maven-model-builder\3.8.6\maven-model-builder-3.8.6.jar;C:\Users\Siddhatech\.m2\repository\org\apache\maven\maven-builder-support\3.8.6\maven-builder-support-3.8.6.jar;C:\Users\Siddhatech\.m2\repository\org\apache\maven\resolver\maven-resolver-api\1.6.3\maven-resolver-api-1.6.3.jar;C:\Users\Siddhatech\.m2\repository\org\apache\maven\resolver\maven-resolver-util\1.6.3\maven-resolver-util-1.6.3.jar;C:\Users\Siddhatech\.m2\repository\org\apache\maven\shared\maven-shared-utils\3.3.4\maven-shared-utils-3.3.4.jar;C:\Users\Siddhatech\.m2\repository\commons-io\commons-io\2.11.0\commons-io-2.11.0.jar;C:\Users\Siddhatech\.m2\repository\com\google\inject\guice\4.2.2\guice-4.2.2-no_aop.jar;C:\Users\Siddhatech\.m2\repository\com\google\guava\guava\31.1-jre\guava-31.1-jre.jar;C:\Users\Siddhatech\.m2\repository\com\google\guava\failureaccess\1.0.1\failureaccess-1.0.1.jar;C:\Users\Siddhatech\.m2\repository\org\codehaus\plexus\plexus-classworlds\2.6.0\plexus-classworlds-2.6.0.jar;C:\Users\Siddhatech\.m2\repository\org\codehaus\plexus\plexus-sec-dispatcher\2.0\plexus-sec-dispatcher-2.0.jar;C:\Users\Siddhatech\.m2\repository\org\codehaus\plexus\plexus-cipher\2.0\plexus-cipher-2.0.jar;C:\Users\Siddhatech\.m2\repository\commons-cli\commons-cli\1.4\commons-cli-1.4.jar;C:\Users\Siddhatech\.m2\repository\org\eclipse\sisu\org.eclipse.sisu.plexus\0.3.5\org.eclipse.sisu.plexus-0.3.5.jar;C:\Users\Siddhatech\.m2\repository\org\apache\maven\maven-settings-builder\3.8.6\maven-settings-builder-3.8.6.jar;C:\Users\Siddhatech\.m2\repository\org\codehaus\plexus\plexus-interpolation\1.26\plexus-interpolation-1.26.jar;C:\Users\Siddhatech\.m2\repository\org\apache\maven\maven-resolver-provider\3.8.6\maven-resolver-provider-3.8.6.jar;C:\Users\Siddhatech\.m2\repository\org\apache\maven\maven-repository-metadata\3.8.6\maven-repository-metadata-3.8.6.jar;C:\Users\Siddhatech\.m2\repository\org\apache\maven\resolver\maven-resolver-spi\1.6.3\maven-resolver-spi-1.6.3.jar;C:\Users\Siddhatech\.m2\repository\org\apache\maven\resolver\maven-resolver-impl\1.6.3\maven-resolver-impl-1.6.3.jar;C:\Users\Siddhatech\.m2\repository\org\codehaus\plexus\plexus-utils\3.3.0\plexus-utils-3.3.0.jar;C:\Users\Siddhatech\.m2\repository\org\apache\maven\resolver\maven-resolver-connector-basic\1.6.3\maven-resolver-connector-basic-1.6.3.jar;C:\Users\Siddhatech\.m2\repository\org\apache\maven\resolver\maven-resolver-transport-wagon\1.6.3\maven-resolver-transport-wagon-1.6.3.jar;C:\Users\Siddhatech\.m2\repository\org\apache\maven\wagon\wagon-http\3.5.1\wagon-http-3.5.1.jar;C:\Users\Siddhatech\.m2\repository\org\apache\maven\wagon\wagon-http-shared\3.5.1\wagon-http-shared-3.5.1.jar;C:\Users\Siddhatech\.m2\repository\org\apache\httpcomponents\httpclient\4.5.14\httpclient-4.5.14.jar;C:\Users\Siddhatech\.m2\repository\commons-codec\commons-codec\1.15\commons-codec-1.15.jar;C:\Users\Siddhatech\.m2\repository\org\apache\httpcomponents\httpcore\4.4.16\httpcore-4.4.16.jar;C:\Users\Siddhatech\.m2\repository\org\apache\maven\wagon\wagon-provider-api\3.5.1\wagon-provider-api-3.5.1.jar;C:\Users\Siddhatech\.m2\repository\org\apache\maven\wagon\wagon-file\3.5.1\wagon-file-3.5.1.jar;C:\Users\Siddhatech\.m2\repository\io\quarkus\quarkus-bootstrap-gradle-resolver\2.16.4.Final\quarkus-bootstrap-gradle-resolver-2.16.4.Final.jar;C:\Users\Siddhatech\.m2\repository\org\jboss\logging\commons-logging-jboss-logging\1.0.0.Final\commons-logging-jboss-logging-1.0.0.Final.jar;C:\Users\Siddhatech\.m2\repository\jakarta\enterprise\jakarta.enterprise.cdi-api\2.0.2\jakarta.enterprise.cdi-api-2.0.2.jar;C:\Users\Siddhatech\.m2\repository\jakarta\el\jakarta.el-api\3.0.3\jakarta.el-api-3.0.3.jar;C:\Users\Siddhatech\.m2\repository\jakarta\interceptor\jakarta.interceptor-api\1.2.5\jakarta.interceptor-api-1.2.5.jar;C:\Users\Siddhatech\.m2\repository\io\quarkus\quarkus-devtools-utilities\2.16.4.Final\quarkus-devtools-utilities-2.16.4.Final.jar;C:\Users\Siddhatech\.m2\repository\org\awaitility\awaitility\4.2.0\awaitility-4.2.0.jar;C:\Users\Siddhatech\.m2\repository\org\hamcrest\hamcrest\2.1\hamcrest-2.1.jar;"/>
    <property name="sun.cpu.endian" value="little"/>
    <property name="user.home" value="C:\Users\Siddhatech"/>
    <property name="user.language" value="en"/>
    <property name="jboss.log-version" value="false"/>
    <property name="java.specification.vendor" value="Oracle Corporation"/>
    <property name="java.version.date" value="2022-08-18"/>
    <property name="java.home" value="C:\Program Files\Java\jdk-11.0.16.1"/>
    <property name="file.separator" value="\"/>
    <property name="maven.repo" value="C:\Users\Siddhatech\.m2\repository"/>
    <property name="basedir" value="D:\WORK\Quarkus_Learning\Projects\EXTENTSIONS\mapping\deployment"/>
    <property name="java.vm.compressedOopsMode" value="Zero based"/>
    <property name="line.separator" value="&#10;"/>
    <property name="java.specification.name" value="Java Platform API Specification"/>
    <property name="java.vm.specification.vendor" value="Oracle Corporation"/>
    <property name="java.awt.graphicsenv" value="sun.awt.Win32GraphicsEnvironment"/>
    <property name="java.nio.channels.DefaultThreadPool.threadFactory" value="io.quarkus.dev.io.NioThreadPoolThreadFactory"/>
    <property name="surefire.real.class.path" value="C:\Users\Siddhatech\AppData\Local\Temp\surefire8200401431669863321\surefirebooter-20230308204801557_3.jar"/>
    <property name="user.script" value=""/>
    <property name="sun.management.compiler" value="HotSpot 64-Bit Tiered Compilers"/>
    <property name="java.runtime.version" value="11.0.16.1+1-LTS-1"/>
    <property name="user.name" value="Siddhatech"/>
    <property name="path.separator" value=";"/>
    <property name="os.version" value="10.0"/>
    <property name="java.runtime.name" value="Java(TM) SE Runtime Environment"/>
    <property name="file.encoding" value="Cp1252"/>
    <property name="java.vm.name" value="Java HotSpot(TM) 64-Bit Server VM"/>
    <property name="java.vendor.version" value="18.9"/>
    <property name="localRepository" value="C:\Users\Siddhatech\.m2\repository"/>
    <property name="java.vendor.url.bug" value="https://bugreport.java.com/bugreport/"/>
    <property name="java.io.tmpdir" value="C:\Users\SIDDHA~1\AppData\Local\Temp\"/>
    <property name="quarkus.log.file.path" value="target\quarkus.log"/>
    <property name="java.version" value="11.0.16.1"/>
    <property name="java.util.concurrent.ForkJoinPool.common.threadFactory" value="io.quarkus.bootstrap.forkjoin.QuarkusForkJoinWorkerThreadFactory"/>
    <property name="user.dir" value="D:\WORK\Quarkus_Learning\Projects\EXTENTSIONS\mapping\deployment"/>
    <property name="os.arch" value="amd64"/>
    <property name="java.vm.specification.name" value="Java Virtual Machine Specification"/>
    <property name="java.awt.printerjob" value="sun.awt.windows.WPrinterJob"/>
    <property name="sun.os.patch.level" value=""/>
    <property name="java.util.logging.manager" value="org.jboss.logmanager.LogManager"/>
    <property name="java.library.path" value="C:\Program Files\Java\jdk-11.0.16.1\bin;C:\WINDOWS\Sun\Java\bin;C:\WINDOWS\system32;C:\WINDOWS;C:\Program Files\Common Files\Oracle\Java\javapath;C:\Program Files (x86)\Common Files\Oracle\Java\javapath;%JAVA_HOME\bin;C:\src\flutter\bin;C:\Program Files (x86)\RSA SecurID Token Common;C:\Program Files\RSA SecurID Token Common;C:\app\Siddhatech\product\21c\dbhomeXE\bin;C:\Program Files (x86)\IBM\WebSphere MQ\java\lib;C:\Program Files (x86)\IBM\WebSphere MQ\java\lib64;C:\Windows\system32;C:\Windows;C:\Windows\System32\Wbem;C:\Windows\System32\WindowsPowerShell\v1.0\;C:\Windows\System32\OpenSSH\;C:\Program Files\NVIDIA Corporation\NVIDIA NvDLISR;C:\Program Files\PuTTY\;C:\Program Files (x86)\IBM\WebSphere MQ\bin64;C:\Program Files (x86)\IBM\WebSphere MQ\bin;D:\ALIENWARE\SOFTWARES\apache-maven-3.8.4\bin;C:\Program Files\Redis\;C:\Program Files\Microsoft SQL Server\Client SDK\ODBC\170\Tools\Binn\;C:\Program Files (x86)\Microsoft SQL Server\150\Tools\Binn\;C:\Program Files\Microsoft SQL Server\150\Tools\Binn\;C:\Program Files\Microsoft SQL Server\150\DTS\Binn\;C:\Program Files\Azure Data Studio\bin;C:\Program Files\PostgreSQL\14\bin;C:\Program Files\dotnet\;C:\WINDOWS\system32;C:\WINDOWS;C:\WINDOWS\System32\Wbem;C:\WINDOWS\System32\WindowsPowerShell\v1.0\;C:\WINDOWS\System32\OpenSSH\;D:\BPD\Git\mam-apps\spark\lib64\;C:\Program Files\Git\cmd;C:\Program Files\TortoiseGit\bin;C:\Program Files (x86)\sbt\bin;C:\Program Files\Java\jdk-11.0.16.1\bin;C:\src\flutter\bin;C:\Users\Siddhatech\.jbang\bin;C:\Program Files\RSA SecurID Token Common\;C:\Users\Siddhatech\AppData\Local\Programs\Microsoft VS Code\bin;;."/>
    <property name="java.vendor" value="Oracle Corporation"/>
    <property name="java.vm.info" value="mixed mode"/>
    <property name="java.vm.version" value="11.0.16.1+1-LTS-1"/>
    <property name="sun.io.unicode.encoding" value="UnicodeLittle"/>
    <property name="java.class.version" value="55.0"/>
  </properties>
  <testcase name="writeYourOwnDevModeTest" classname="mapping.test.MappingDevModeTest" time="2.56">
    <system-out><![CDATA[&amp#27;[94mTests paused&amp#27;[39m
2023-03-08 20:48:04,966 INFO  [io.quarkus] (Quarkus Main Thread) mapping-deployment 1.0.0-SNAPSHOT on JVM (powered by Quarkus 2.16.4.Final) started in 1.337s. 
2023-03-08 20:48:04,968 INFO  [io.quarkus] (Quarkus Main Thread) Profile dev activated. Live Coding activated.
2023-03-08 20:48:04,968 INFO  [io.quarkus] (Quarkus Main Thread) Installed features: [cdi, mapping]
2023-03-08 20:48:04,983 ERROR [io.qua.run.Quarkus] (main) 'Quarkus#blockingExit' was called on the main thread. This will result in deadlocking the application!
2023-03-08 20:48:04,995 INFO  [io.quarkus] (Quarkus Main Thread) mapping-deployment stopped in 0.012s
]]></system-out>
  </testcase>
</testsuite>